{
  "RSpec": {
    "coverage": {
      "/Users/abdullamahmood/Projects/weekly_exercises/crowdcode/app/models/project.rb": [
        1,
        null,
        1,
        null,
        1,
        1,
        null
      ],
      "/Users/abdullamahmood/Projects/weekly_exercises/crowdcode/app/models/with_user_association_extension.rb": [
        1,
        null,
        1,
        0,
        0,
        null,
        null,
        1,
        0,
        0,
        null,
        null,
        1,
        0,
        0,
        null,
        null,
        null
      ],
      "/Users/abdullamahmood/Projects/weekly_exercises/crowdcode/app/models/feature.rb": [
        1,
        1,
        1,
        null,
        1,
        0,
        0,
        null,
        null
      ],
      "/Users/abdullamahmood/Projects/weekly_exercises/crowdcode/app/controllers/projects_controller.rb": [
        1,
        null,
        1,
        null,
        1,
        13,
        null,
        null,
        1,
        0,
        null,
        null,
        1,
        0,
        0,
        null,
        null,
        1,
        7,
        null,
        null,
        1,
        null,
        1,
        0,
        null,
        null,
        null,
        null
      ],
      "/Users/abdullamahmood/Projects/weekly_exercises/crowdcode/app/controllers/application_controller.rb": [
        1,
        1,
        null
      ],
      "/Users/abdullamahmood/Projects/weekly_exercises/crowdcode/app/models/request.rb": [
        1,
        null,
        1,
        null,
        1,
        1,
        null,
        null,
        null
      ],
      "/Users/abdullamahmood/Projects/weekly_exercises/crowdcode/app/mailers/user_mailer.rb": [
        1,
        1,
        null,
        1,
        4,
        4,
        4,
        null,
        null
      ],
      "/Users/abdullamahmood/Projects/weekly_exercises/crowdcode/app/mailers/application_mailer.rb": [
        1,
        1,
        1,
        null
      ],
      "/Users/abdullamahmood/Projects/weekly_exercises/crowdcode/app/channels/application_cable/channel.rb": [
        0,
        0,
        0,
        0
      ],
      "/Users/abdullamahmood/Projects/weekly_exercises/crowdcode/app/channels/application_cable/connection.rb": [
        0,
        0,
        0,
        0
      ],
      "/Users/abdullamahmood/Projects/weekly_exercises/crowdcode/app/controllers/features_controller.rb": [
        0,
        0,
        0,
        0,
        0,
        0,
        0,
        0,
        0,
        0,
        0,
        0,
        0,
        0,
        0,
        0,
        0,
        0,
        0,
        0,
        0,
        0,
        0,
        0,
        0
      ],
      "/Users/abdullamahmood/Projects/weekly_exercises/crowdcode/app/controllers/requests_controller.rb": [
        0,
        0,
        0,
        0,
        0,
        0,
        0,
        0,
        0,
        0,
        0,
        0,
        0,
        0,
        0,
        0,
        0
      ],
      "/Users/abdullamahmood/Projects/weekly_exercises/crowdcode/app/controllers/users/omniauth_callbacks_controller.rb": [
        0,
        0,
        0,
        0,
        0,
        0,
        0,
        0,
        0,
        0,
        0,
        0,
        0,
        0,
        0,
        0,
        0,
        0,
        0
      ],
      "/Users/abdullamahmood/Projects/weekly_exercises/crowdcode/app/controllers/users_controller.rb": [
        0,
        0,
        0,
        0,
        0,
        0,
        0,
        0,
        0,
        0,
        0,
        0,
        0,
        0,
        0,
        0,
        0,
        0,
        0,
        0,
        0,
        0,
        0,
        0,
        0,
        0
      ],
      "/Users/abdullamahmood/Projects/weekly_exercises/crowdcode/app/helpers/application_helper.rb": [
        0,
        0
      ],
      "/Users/abdullamahmood/Projects/weekly_exercises/crowdcode/app/helpers/features_helper.rb": [
        0,
        0
      ],
      "/Users/abdullamahmood/Projects/weekly_exercises/crowdcode/app/helpers/projects_helper.rb": [
        0,
        0,
        0
      ],
      "/Users/abdullamahmood/Projects/weekly_exercises/crowdcode/app/helpers/requests_helper.rb": [
        0,
        0
      ],
      "/Users/abdullamahmood/Projects/weekly_exercises/crowdcode/app/helpers/users_helper.rb": [
        0,
        0
      ],
      "/Users/abdullamahmood/Projects/weekly_exercises/crowdcode/app/jobs/application_job.rb": [
        0,
        0
      ],
      "/Users/abdullamahmood/Projects/weekly_exercises/crowdcode/app/models/application_record.rb": [
        0,
        0,
        0
      ],
      "/Users/abdullamahmood/Projects/weekly_exercises/crowdcode/app/models/user.rb": [
        0,
        0,
        0,
        0,
        0,
        0,
        0,
        0,
        0,
        0,
        0,
        0,
        0,
        0,
        0,
        0,
        0,
        0,
        0,
        0
      ]
    },
    "timestamp": 1469146700
  }
}
